{
  "stats": {
    "suites": 3,
    "tests": 4,
    "passes": 2,
    "pending": 0,
    "failures": 2,
    "start": "2021-07-24T20:24:11.713Z",
    "end": "2021-07-24T20:25:31.534Z",
    "duration": 79821,
    "testsRegistered": 6,
    "passPercent": 33.33333333333333,
    "pendingPercent": 0,
    "other": 0,
    "hasOther": false,
    "skipped": 2,
    "hasSkipped": true
  },
  "results": [
    {
      "uuid": "6fbc6430-d49f-4853-be58-57843fdda392",
      "title": "",
      "fullFile": "cypress/integration/ChatBot/testWithPageObject.spec.js",
      "file": "cypress/integration/ChatBot/testWithPageObject.spec.js",
      "beforeHooks": [],
      "afterHooks": [],
      "tests": [],
      "suites": [
        {
          "uuid": "54d67013-6a8e-4dd5-adb3-866a02428ace",
          "title": "dChatbot Test Suit",
          "fullFile": "",
          "file": "",
          "beforeHooks": [],
          "afterHooks": [],
          "tests": [
            {
              "title": "Chat area testing",
              "fullTitle": "dChatbot Test Suit Chat area testing",
              "timedOut": null,
              "duration": 79575,
              "state": "failed",
              "speed": "slow",
              "pass": false,
              "fail": true,
              "pending": false,
              "context": null,
              "code": "_chatAreaPage.onChatAre.titleOfThePage();\n_chatAreaPage.onChatAre.chatLayoutPage();\n_chatAreaPage.onChatAre.botResponseTime();",
              "err": {
                "message": "CypressError: Timed out after waiting `60000ms` for your remote page to load.\n\nYour page did not fire its `load` event within `60000ms`.\n\nYou can try increasing the `pageLoadTimeout` value in `cypress.json` to wait longer.\n\nBrowsers will not fire the `load` event until all stylesheets and scripts are done downloading.\n\nWhen this `load` event occurs, Cypress will continue running commands.\n\nBecause this error occurred during a `before each` hook we are skipping the remaining tests in the current suite: `dChatbot Test Suit`",
                "estack": "CypressError: Timed out after waiting `60000ms` for your remote page to load.\n\nYour page did not fire its `load` event within `60000ms`.\n\nYou can try increasing the `pageLoadTimeout` value in `cypress.json` to wait longer.\n\nBrowsers will not fire the `load` event until all stylesheets and scripts are done downloading.\n\nWhen this `load` event occurs, Cypress will continue running commands.\n\nBecause this error occurred during a `before each` hook we are skipping the remaining tests in the current suite: `dChatbot Test Suit`\n    at timedOutWaitingForPageLoad (https://ai.dataport.de/__cypress/runner/cypress_runner.js:139487:13)\n    at https://ai.dataport.de/__cypress/runner/cypress_runner.js:140507:16\n    at tryCatcher (https://ai.dataport.de/__cypress/runner/cypress_runner.js:10798:23)\n    at https://ai.dataport.de/__cypress/runner/cypress_runner.js:5920:41\n    at tryCatcher (https://ai.dataport.de/__cypress/runner/cypress_runner.js:10798:23)\n    at Promise._settlePromiseFromHandler (https://ai.dataport.de/__cypress/runner/cypress_runner.js:8733:31)\n    at Promise._settlePromise (https://ai.dataport.de/__cypress/runner/cypress_runner.js:8790:18)\n    at Promise._settlePromise0 (https://ai.dataport.de/__cypress/runner/cypress_runner.js:8835:10)\n    at Promise._settlePromises (https://ai.dataport.de/__cypress/runner/cypress_runner.js:8911:18)\n    at _drainQueueStep (https://ai.dataport.de/__cypress/runner/cypress_runner.js:5505:12)\n    at _drainQueue (https://ai.dataport.de/__cypress/runner/cypress_runner.js:5498:9)\n    at Async.../../node_modules/bluebird/js/release/async.js.Async._drainQueues (https://ai.dataport.de/__cypress/runner/cypress_runner.js:5514:5)\n    at Async.drainQueues (https://ai.dataport.de/__cypress/runner/cypress_runner.js:5384:14)\nFrom Your Spec Code:\n    at Context.eval (https://ai.dataport.de/__cypress/tests?p=cypress/integration/ChatBot/testWithPageObject.spec.js:104:8)",
                "diff": null
              },
              "uuid": "9c8cfdd3-39d2-472c-bfcc-d454e940eac9",
              "parentUUID": "54d67013-6a8e-4dd5-adb3-866a02428ace",
              "isHook": false,
              "skipped": false
            },
            {
              "title": "Verification of the Browser API Calls",
              "fullTitle": "dChatbot Test Suit Verification of the Browser API Calls",
              "timedOut": null,
              "duration": 25049,
              "state": "passed",
              "speed": "slow",
              "pass": true,
              "fail": false,
              "pending": false,
              "context": null,
              "code": "_chatAreaPage.onChatAre.testBackend();",
              "err": {},
              "uuid": "195f1dfb-cc68-4c93-a499-89e9fbdeddf2",
              "parentUUID": "54d67013-6a8e-4dd5-adb3-866a02428ace",
              "isHook": false,
              "skipped": false
            },
            {
              "title": "Test Feedback",
              "fullTitle": "dChatbot Test Suit Test Feedback",
              "timedOut": null,
              "duration": 0,
              "state": "skipped",
              "speed": null,
              "pass": false,
              "fail": false,
              "pending": false,
              "context": null,
              "code": "_chatAreaPage.onChatAre.testFeedback();",
              "err": {},
              "uuid": "49517d4d-2b78-4ba6-ac8b-3753ce87c80c",
              "parentUUID": "54d67013-6a8e-4dd5-adb3-866a02428ace",
              "isHook": false,
              "skipped": true
            },
            {
              "title": "Test of Viewport",
              "fullTitle": "dChatbot Test Suit Test of Viewport",
              "timedOut": null,
              "duration": 0,
              "state": "skipped",
              "speed": null,
              "pass": false,
              "fail": false,
              "pending": false,
              "context": null,
              "code": "_chatAreaPage.onChatAre.testViewport();",
              "err": {},
              "uuid": "d7cb4f1d-3d73-42fc-b185-15fe7c1b1671",
              "parentUUID": "54d67013-6a8e-4dd5-adb3-866a02428ace",
              "isHook": false,
              "skipped": true
            },
            {
              "title": "Test Features",
              "fullTitle": "dChatbot Test Suit Test Features",
              "timedOut": null,
              "duration": 0,
              "state": "skipped",
              "speed": null,
              "pass": false,
              "fail": false,
              "pending": false,
              "context": null,
              "code": "_chatAreaPage.onChatAre.testFeatures();",
              "err": {},
              "uuid": "0f01c1cc-367f-4566-bee3-07ad4efda24d",
              "parentUUID": "54d67013-6a8e-4dd5-adb3-866a02428ace",
              "isHook": false,
              "skipped": true
            },
            {
              "title": "iFrame Test",
              "fullTitle": "dChatbot Test Suit iFrame Test",
              "timedOut": null,
              "duration": 0,
              "state": "skipped",
              "speed": null,
              "pass": false,
              "fail": false,
              "pending": false,
              "context": null,
              "code": "_chatAreaPage.onChatAre.iFrame();",
              "err": {},
              "uuid": "da50fbaf-9809-488d-a6d4-f50d8c7f1229",
              "parentUUID": "54d67013-6a8e-4dd5-adb3-866a02428ace",
              "isHook": false,
              "skipped": true
            }
          ],
          "suites": [],
          "passes": [
            "195f1dfb-cc68-4c93-a499-89e9fbdeddf2"
          ],
          "failures": [
            "9c8cfdd3-39d2-472c-bfcc-d454e940eac9"
          ],
          "pending": [],
          "skipped": [
            "49517d4d-2b78-4ba6-ac8b-3753ce87c80c",
            "d7cb4f1d-3d73-42fc-b185-15fe7c1b1671",
            "0f01c1cc-367f-4566-bee3-07ad4efda24d",
            "da50fbaf-9809-488d-a6d4-f50d8c7f1229"
          ],
          "duration": 104624,
          "root": false,
          "rootEmpty": false,
          "_timeout": 2000
        }
      ],
      "passes": [],
      "failures": [],
      "pending": [],
      "skipped": [],
      "duration": 0,
      "root": true,
      "rootEmpty": true,
      "_timeout": 2000
    }
  ],
  "meta": {
    "mocha": {
      "version": "7.0.1"
    },
    "mochawesome": {
      "options": {
        "quiet": false,
        "reportFilename": "mochawesome",
        "saveHtml": true,
        "saveJson": true,
        "consoleReporter": "spec",
        "useInlineDiffs": false,
        "code": true
      },
      "version": "6.2.2"
    },
    "marge": {
      "options": {
        "id": "default",
        "reportDir": "cypress/results/mochawesome",
        "overwrite": false,
        "html": true,
        "json": true
      },
      "version": "5.2.0"
    }
  }
}