{
  "stats": {
    "suites": 1,
    "tests": 6,
    "passes": 5,
    "pending": 0,
    "failures": 1,
    "start": "2021-07-24T19:20:44.158Z",
    "end": "2021-07-24T19:23:01.189Z",
    "duration": 137031,
    "testsRegistered": 6,
    "passPercent": 83.33333333333334,
    "pendingPercent": 0,
    "other": 0,
    "hasOther": false,
    "skipped": 0,
    "hasSkipped": false
  },
  "results": [
    {
      "uuid": "30be3e52-8492-43ef-9e8b-2f737ff23d56",
      "title": "",
      "fullFile": "cypress/integration/ChatBot/testWithPageObject.spec.js",
      "file": "cypress/integration/ChatBot/testWithPageObject.spec.js",
      "beforeHooks": [],
      "afterHooks": [],
      "tests": [],
      "suites": [
        {
          "uuid": "e8a51318-6fd5-4350-a4c2-1adc14df6eb3",
          "title": "dChatbot Test Suit",
          "fullFile": "",
          "file": "",
          "beforeHooks": [],
          "afterHooks": [],
          "tests": [
            {
              "title": "Chat area testing",
              "fullTitle": "dChatbot Test Suit Chat area testing",
              "timedOut": null,
              "duration": 59657,
              "state": "passed",
              "speed": "slow",
              "pass": true,
              "fail": false,
              "pending": false,
              "context": null,
              "code": "_chatAreaPage.onChatAre.titleOfThePage();\n_chatAreaPage.onChatAre.chatLayoutPage();\n_chatAreaPage.onChatAre.botResponseTime();",
              "err": {},
              "uuid": "60ff1749-e1d9-4a19-9cc4-d3561b44db6a",
              "parentUUID": "e8a51318-6fd5-4350-a4c2-1adc14df6eb3",
              "isHook": false,
              "skipped": false
            },
            {
              "title": "Verification of the Browser API Calls",
              "fullTitle": "dChatbot Test Suit Verification of the Browser API Calls",
              "timedOut": null,
              "duration": 10031,
              "state": "passed",
              "speed": "slow",
              "pass": true,
              "fail": false,
              "pending": false,
              "context": null,
              "code": "_chatAreaPage.onChatAre.testBackend();",
              "err": {},
              "uuid": "bc06c144-65fb-4d1b-92eb-e48b8168f4b7",
              "parentUUID": "e8a51318-6fd5-4350-a4c2-1adc14df6eb3",
              "isHook": false,
              "skipped": false
            },
            {
              "title": "Test Feedback",
              "fullTitle": "dChatbot Test Suit Test Feedback",
              "timedOut": null,
              "duration": 20656,
              "state": "passed",
              "speed": "slow",
              "pass": true,
              "fail": false,
              "pending": false,
              "context": null,
              "code": "_chatAreaPage.onChatAre.testFeedback();",
              "err": {},
              "uuid": "9918d031-06fb-45d6-a974-308b10c4ed71",
              "parentUUID": "e8a51318-6fd5-4350-a4c2-1adc14df6eb3",
              "isHook": false,
              "skipped": false
            },
            {
              "title": "Test of Viewport",
              "fullTitle": "dChatbot Test Suit Test of Viewport",
              "timedOut": null,
              "duration": 27228,
              "state": "passed",
              "speed": "slow",
              "pass": true,
              "fail": false,
              "pending": false,
              "context": null,
              "code": "_chatAreaPage.onChatAre.testViewport();",
              "err": {},
              "uuid": "2473f18f-21af-4348-a8d9-b856aa9ab311",
              "parentUUID": "e8a51318-6fd5-4350-a4c2-1adc14df6eb3",
              "isHook": false,
              "skipped": false
            },
            {
              "title": "Test Features",
              "fullTitle": "dChatbot Test Suit Test Features",
              "timedOut": null,
              "duration": 12839,
              "state": "failed",
              "speed": null,
              "pass": false,
              "fail": true,
              "pending": false,
              "context": null,
              "code": "_chatAreaPage.onChatAre.testFeatures();",
              "err": {
                "message": "AssertionError: Timed out retrying after 4000ms: Expected to find element: `[data-cy=\"emojiPicker\"]`, but never found it.",
                "estack": "AssertionError: Timed out retrying after 4000ms: Expected to find element: `[data-cy=\"emojiPicker\"]`, but never found it.\n    at chatArea.testFeatures (https://ai.dataport.de/__cypress/tests?p=cypress/integration/ChatBot/testWithPageObject.spec.js:242:8)\n    at Context.eval (https://ai.dataport.de/__cypress/tests?p=cypress/integration/ChatBot/testWithPageObject.spec.js:124:29)",
                "diff": null
              },
              "uuid": "78dfd480-a1b4-45e4-9cfe-581b9ddc9116",
              "parentUUID": "e8a51318-6fd5-4350-a4c2-1adc14df6eb3",
              "isHook": false,
              "skipped": false
            },
            {
              "title": "iFrame Test",
              "fullTitle": "dChatbot Test Suit iFrame Test",
              "timedOut": null,
              "duration": 5310,
              "state": "passed",
              "speed": "slow",
              "pass": true,
              "fail": false,
              "pending": false,
              "context": null,
              "code": "_chatAreaPage.onChatAre.iFrame();",
              "err": {},
              "uuid": "67e68a81-20c8-46cf-afe2-8fbd4193955d",
              "parentUUID": "e8a51318-6fd5-4350-a4c2-1adc14df6eb3",
              "isHook": false,
              "skipped": false
            }
          ],
          "suites": [],
          "passes": [
            "60ff1749-e1d9-4a19-9cc4-d3561b44db6a",
            "bc06c144-65fb-4d1b-92eb-e48b8168f4b7",
            "9918d031-06fb-45d6-a974-308b10c4ed71",
            "2473f18f-21af-4348-a8d9-b856aa9ab311",
            "67e68a81-20c8-46cf-afe2-8fbd4193955d"
          ],
          "failures": [
            "78dfd480-a1b4-45e4-9cfe-581b9ddc9116"
          ],
          "pending": [],
          "skipped": [],
          "duration": 135721,
          "root": false,
          "rootEmpty": false,
          "_timeout": 2000
        }
      ],
      "passes": [],
      "failures": [],
      "pending": [],
      "skipped": [],
      "duration": 0,
      "root": true,
      "rootEmpty": true,
      "_timeout": 2000
    }
  ],
  "meta": {
    "mocha": {
      "version": "7.0.1"
    },
    "mochawesome": {
      "options": {
        "quiet": false,
        "reportFilename": "mochawesome",
        "saveHtml": true,
        "saveJson": true,
        "consoleReporter": "spec",
        "useInlineDiffs": false,
        "code": true
      },
      "version": "6.2.2"
    },
    "marge": {
      "options": {
        "id": "default",
        "reportDir": "cypress/results/mochawesome",
        "overwrite": false,
        "html": true,
        "json": true
      },
      "version": "5.2.0"
    }
  }
}