{
  "stats": {
    "suites": 1,
    "tests": 6,
    "passes": 6,
    "pending": 0,
    "failures": 0,
    "start": "2021-07-25T16:07:51.362Z",
    "end": "2021-07-25T16:08:58.092Z",
    "duration": 66730,
    "testsRegistered": 6,
    "passPercent": 100,
    "pendingPercent": 0,
    "other": 0,
    "hasOther": false,
    "skipped": 0,
    "hasSkipped": false
  },
  "results": [
    {
      "uuid": "89401532-7477-4a67-96d1-a8bcd8de983b",
      "title": "",
      "fullFile": "cypress/integration/ChatBot/testWithPageObject.spec.js",
      "file": "cypress/integration/ChatBot/testWithPageObject.spec.js",
      "beforeHooks": [],
      "afterHooks": [],
      "tests": [],
      "suites": [
        {
          "uuid": "a4f3a1b5-cfdb-4318-8c24-34e0a8d14aab",
          "title": "dChatbot Test Suit",
          "fullFile": "",
          "file": "",
          "beforeHooks": [],
          "afterHooks": [],
          "tests": [
            {
              "title": "Chat area testing",
              "fullTitle": "dChatbot Test Suit Chat area testing",
              "timedOut": null,
              "duration": 11278,
              "state": "passed",
              "speed": "slow",
              "pass": true,
              "fail": false,
              "pending": false,
              "context": null,
              "code": "_chatAreaPage.onChatAre.titleOfThePage();\n_chatAreaPage.onChatAre.chatLayoutPage();\n_chatAreaPage.onChatAre.botResponseTime();",
              "err": {},
              "uuid": "1cfa8570-52d5-4f28-95be-b2aea24dc33b",
              "parentUUID": "a4f3a1b5-cfdb-4318-8c24-34e0a8d14aab",
              "isHook": false,
              "skipped": false
            },
            {
              "title": "Verification of the Browser API Calls",
              "fullTitle": "dChatbot Test Suit Verification of the Browser API Calls",
              "timedOut": null,
              "duration": 9094,
              "state": "passed",
              "speed": "slow",
              "pass": true,
              "fail": false,
              "pending": false,
              "context": null,
              "code": "_chatAreaPage.onChatAre.testBackend();",
              "err": {},
              "uuid": "3516f3bd-b983-4395-9c30-36a48965d482",
              "parentUUID": "a4f3a1b5-cfdb-4318-8c24-34e0a8d14aab",
              "isHook": false,
              "skipped": false
            },
            {
              "title": "Test Feedback",
              "fullTitle": "dChatbot Test Suit Test Feedback",
              "timedOut": null,
              "duration": 16945,
              "state": "passed",
              "speed": "slow",
              "pass": true,
              "fail": false,
              "pending": false,
              "context": null,
              "code": "_chatAreaPage.onChatAre.testFeedback();",
              "err": {},
              "uuid": "05dd869b-578c-450b-afd4-1a388b9d8801",
              "parentUUID": "a4f3a1b5-cfdb-4318-8c24-34e0a8d14aab",
              "isHook": false,
              "skipped": false
            },
            {
              "title": "Test of Viewport",
              "fullTitle": "dChatbot Test Suit Test of Viewport",
              "timedOut": null,
              "duration": 20942,
              "state": "passed",
              "speed": "slow",
              "pass": true,
              "fail": false,
              "pending": false,
              "context": null,
              "code": "_chatAreaPage.onChatAre.testViewport();",
              "err": {},
              "uuid": "0f1bb664-48c5-4543-a7b2-8ee36d31c357",
              "parentUUID": "a4f3a1b5-cfdb-4318-8c24-34e0a8d14aab",
              "isHook": false,
              "skipped": false
            },
            {
              "title": "Test Features",
              "fullTitle": "dChatbot Test Suit Test Features",
              "timedOut": null,
              "duration": 5074,
              "state": "passed",
              "speed": "slow",
              "pass": true,
              "fail": false,
              "pending": false,
              "context": null,
              "code": "_chatAreaPage.onChatAre.testFeatures();",
              "err": {},
              "uuid": "1c463dd6-308d-4aaf-80fc-69a58c9fe6f5",
              "parentUUID": "a4f3a1b5-cfdb-4318-8c24-34e0a8d14aab",
              "isHook": false,
              "skipped": false
            },
            {
              "title": "iFrame Test",
              "fullTitle": "dChatbot Test Suit iFrame Test",
              "timedOut": null,
              "duration": 3056,
              "state": "passed",
              "speed": "slow",
              "pass": true,
              "fail": false,
              "pending": false,
              "context": null,
              "code": "_chatAreaPage.onChatAre.iFrame();",
              "err": {},
              "uuid": "8f0fe25c-c38e-4761-8d42-b46a7fc488b8",
              "parentUUID": "a4f3a1b5-cfdb-4318-8c24-34e0a8d14aab",
              "isHook": false,
              "skipped": false
            }
          ],
          "suites": [],
          "passes": [
            "1cfa8570-52d5-4f28-95be-b2aea24dc33b",
            "3516f3bd-b983-4395-9c30-36a48965d482",
            "05dd869b-578c-450b-afd4-1a388b9d8801",
            "0f1bb664-48c5-4543-a7b2-8ee36d31c357",
            "1c463dd6-308d-4aaf-80fc-69a58c9fe6f5",
            "8f0fe25c-c38e-4761-8d42-b46a7fc488b8"
          ],
          "failures": [],
          "pending": [],
          "skipped": [],
          "duration": 66389,
          "root": false,
          "rootEmpty": false,
          "_timeout": 2000
        }
      ],
      "passes": [],
      "failures": [],
      "pending": [],
      "skipped": [],
      "duration": 0,
      "root": true,
      "rootEmpty": true,
      "_timeout": 2000
    }
  ],
  "meta": {
    "mocha": {
      "version": "7.0.1"
    },
    "mochawesome": {
      "options": {
        "quiet": false,
        "reportFilename": "mochawesome",
        "saveHtml": true,
        "saveJson": true,
        "consoleReporter": "spec",
        "useInlineDiffs": false,
        "code": true
      },
      "version": "6.2.2"
    },
    "marge": {
      "options": {
        "id": "default",
        "reportDir": "cypress/results/mochawesome",
        "charts": true,
        "overwrite": false,
        "html": true,
        "json": true
      },
      "version": "5.2.0"
    }
  }
}