{
  "stats": {
    "suites": 1,
    "tests": 6,
    "passes": 6,
    "pending": 0,
    "failures": 0,
    "start": "2021-07-25T19:13:01.338Z",
    "end": "2021-07-25T19:14:15.240Z",
    "duration": 73902,
    "testsRegistered": 6,
    "passPercent": 100,
    "pendingPercent": 0,
    "other": 0,
    "hasOther": false,
    "skipped": 0,
    "hasSkipped": false
  },
  "results": [
    {
      "uuid": "fb89ffb3-40e2-4ba1-8b7f-8f96b3d31764",
      "title": "",
      "fullFile": "cypress/integration/ChatBot/testWithPageObject.spec.js",
      "file": "cypress/integration/ChatBot/testWithPageObject.spec.js",
      "beforeHooks": [],
      "afterHooks": [],
      "tests": [],
      "suites": [
        {
          "uuid": "0a718bd5-98b7-420c-94c9-251d88be1e5b",
          "title": "dChatbot Test Suit",
          "fullFile": "",
          "file": "",
          "beforeHooks": [],
          "afterHooks": [],
          "tests": [
            {
              "title": "Chat area testing",
              "fullTitle": "dChatbot Test Suit Chat area testing",
              "timedOut": null,
              "duration": 15460,
              "state": "passed",
              "speed": "slow",
              "pass": true,
              "fail": false,
              "pending": false,
              "context": null,
              "code": "_chatAreaPage.onChatAre.titleOfThePage();\n_chatAreaPage.onChatAre.chatLayoutPage();\n_chatAreaPage.onChatAre.botResponseTime();",
              "err": {},
              "uuid": "4f9a8791-d36a-45ce-82d3-6290fef00548",
              "parentUUID": "0a718bd5-98b7-420c-94c9-251d88be1e5b",
              "isHook": false,
              "skipped": false
            },
            {
              "title": "Verification of the Browser API Calls",
              "fullTitle": "dChatbot Test Suit Verification of the Browser API Calls",
              "timedOut": null,
              "duration": 9905,
              "state": "passed",
              "speed": "slow",
              "pass": true,
              "fail": false,
              "pending": false,
              "context": null,
              "code": "_chatAreaPage.onChatAre.testBackend();",
              "err": {},
              "uuid": "a7e7ec6f-3380-4ebd-92e2-15d84f2df755",
              "parentUUID": "0a718bd5-98b7-420c-94c9-251d88be1e5b",
              "isHook": false,
              "skipped": false
            },
            {
              "title": "Test Feedback",
              "fullTitle": "dChatbot Test Suit Test Feedback",
              "timedOut": null,
              "duration": 17742,
              "state": "passed",
              "speed": "slow",
              "pass": true,
              "fail": false,
              "pending": false,
              "context": null,
              "code": "_chatAreaPage.onChatAre.testFeedback();",
              "err": {},
              "uuid": "4ccf16aa-92e6-4b7b-a426-829c9925a0e0",
              "parentUUID": "0a718bd5-98b7-420c-94c9-251d88be1e5b",
              "isHook": false,
              "skipped": false
            },
            {
              "title": "Test of Viewport",
              "fullTitle": "dChatbot Test Suit Test of Viewport",
              "timedOut": null,
              "duration": 22116,
              "state": "passed",
              "speed": "slow",
              "pass": true,
              "fail": false,
              "pending": false,
              "context": null,
              "code": "_chatAreaPage.onChatAre.testViewport();",
              "err": {},
              "uuid": "9531b317-0aa9-46ed-aa62-5aa34759e72f",
              "parentUUID": "0a718bd5-98b7-420c-94c9-251d88be1e5b",
              "isHook": false,
              "skipped": false
            },
            {
              "title": "Test Features",
              "fullTitle": "dChatbot Test Suit Test Features",
              "timedOut": null,
              "duration": 5288,
              "state": "passed",
              "speed": "slow",
              "pass": true,
              "fail": false,
              "pending": false,
              "context": null,
              "code": "_chatAreaPage.onChatAre.testFeatures();",
              "err": {},
              "uuid": "4fdb0fb8-5ff2-4f18-b8e1-0ff58ea9b324",
              "parentUUID": "0a718bd5-98b7-420c-94c9-251d88be1e5b",
              "isHook": false,
              "skipped": false
            },
            {
              "title": "iFrame Test",
              "fullTitle": "dChatbot Test Suit iFrame Test",
              "timedOut": null,
              "duration": 2959,
              "state": "passed",
              "speed": "slow",
              "pass": true,
              "fail": false,
              "pending": false,
              "context": null,
              "code": "_chatAreaPage.onChatAre.iFrame();",
              "err": {},
              "uuid": "d83a5aad-fcc5-4c5a-addf-31c62c8a898c",
              "parentUUID": "0a718bd5-98b7-420c-94c9-251d88be1e5b",
              "isHook": false,
              "skipped": false
            }
          ],
          "suites": [],
          "passes": [
            "4f9a8791-d36a-45ce-82d3-6290fef00548",
            "a7e7ec6f-3380-4ebd-92e2-15d84f2df755",
            "4ccf16aa-92e6-4b7b-a426-829c9925a0e0",
            "9531b317-0aa9-46ed-aa62-5aa34759e72f",
            "4fdb0fb8-5ff2-4f18-b8e1-0ff58ea9b324",
            "d83a5aad-fcc5-4c5a-addf-31c62c8a898c"
          ],
          "failures": [],
          "pending": [],
          "skipped": [],
          "duration": 73470,
          "root": false,
          "rootEmpty": false,
          "_timeout": 2000
        }
      ],
      "passes": [],
      "failures": [],
      "pending": [],
      "skipped": [],
      "duration": 0,
      "root": true,
      "rootEmpty": true,
      "_timeout": 2000
    }
  ],
  "meta": {
    "mocha": {
      "version": "7.0.1"
    },
    "mochawesome": {
      "options": {
        "quiet": false,
        "reportFilename": "mochawesome",
        "saveHtml": true,
        "saveJson": true,
        "consoleReporter": "spec",
        "useInlineDiffs": false,
        "code": true
      },
      "version": "6.2.2"
    },
    "marge": {
      "options": {
        "id": "default",
        "reportDir": "cypress/results/mochawesome",
        "charts": true,
        "overwrite": false,
        "html": true,
        "json": true
      },
      "version": "5.2.0"
    }
  }
}