{
  "stats": {
    "suites": 1,
    "tests": 1,
    "passes": 0,
    "pending": 0,
    "failures": 1,
    "start": "2021-12-16T13:19:24.279Z",
    "end": "2021-12-16T13:19:35.266Z",
    "duration": 10818,
    "testsRegistered": 1,
    "passPercent": 0,
    "pendingPercent": 0,
    "other": 0,
    "hasOther": false,
    "skipped": 0,
    "hasSkipped": false
  },
  "results": [
    {
      "uuid": "8a11e088-c073-4539-a266-c8fc863cc03d",
      "title": "",
      "fullFile": "cypress/integration/End2EndTest.spec.js",
      "file": "cypress/integration/End2EndTest.spec.js",
      "beforeHooks": [],
      "afterHooks": [],
      "tests": [],
      "suites": [
        {
          "uuid": "10c38e78-b79a-4e3a-966b-c9464777219f",
          "title": "Entity",
          "fullFile": "",
          "file": "",
          "beforeHooks": [],
          "afterHooks": [],
          "tests": [
            {
              "title": "Entity Hinzufuegen",
              "fullTitle": "Entity Entity Hinzufuegen",
              "timedOut": null,
              "duration": 10818,
              "state": "failed",
              "speed": null,
              "pass": false,
              "fail": true,
              "pending": false,
              "context": null,
              "code": "_Entity.onEntity.entityHinzufuegen();\n_Entity.onEntity.entitySuchen();",
              "err": {
                "message": "AssertionError: Timed out retrying after 4000ms: Expected to find element: `[class=\"v-list-item__title pl-4\"]`, but never found it.",
                "estack": "AssertionError: Timed out retrying after 4000ms: Expected to find element: `[class=\"v-list-item__title pl-4\"]`, but never found it.\n    at entityHinzufuegen (http://localhost/__cypress/tests?p=cypress/integration/End2EndTest.spec.js:7448:8)\n    at Context.eval (http://localhost/__cypress/tests?p=cypress/integration/End2EndTest.spec.js:7410:22)",
                "diff": null
              },
              "uuid": "2d7b7a56-f3f0-4ddd-a3d6-54657187bf23",
              "parentUUID": "10c38e78-b79a-4e3a-966b-c9464777219f",
              "isHook": false,
              "skipped": false
            }
          ],
          "suites": [],
          "passes": [],
          "failures": [
            "2d7b7a56-f3f0-4ddd-a3d6-54657187bf23"
          ],
          "pending": [],
          "skipped": [],
          "duration": 10818,
          "root": false,
          "rootEmpty": false,
          "_timeout": 2000
        }
      ],
      "passes": [],
      "failures": [],
      "pending": [],
      "skipped": [],
      "duration": 0,
      "root": true,
      "rootEmpty": true,
      "_timeout": 2000
    }
  ],
  "meta": {
    "mocha": {
      "version": "7.0.1"
    },
    "mochawesome": {
      "options": {
        "quiet": true,
        "reportFilename": "Cypress e2e Test Report",
        "saveHtml": true,
        "saveJson": true,
        "consoleReporter": "spec",
        "useInlineDiffs": false,
        "code": true
      },
      "version": "7.0.1"
    },
    "marge": {
      "options": {
        "id": "default",
        "reportDir": "cypress/results/mochawesome",
        "charts": true,
        "reportPageTitle": "e2e Test Report",
        "reportFilename": "Cypress e2e Test Report",
        "embeddedScreenshots": true,
        "quiet": true,
        "overwrite": false,
        "html": true,
        "json": true
      },
      "version": "6.0.1"
    }
  }
}