{
  "stats": {
    "suites": 1,
    "tests": 10,
    "passes": 9,
    "pending": 0,
    "failures": 1,
    "start": "2021-12-12T11:02:25.769Z",
    "end": "2021-12-12T11:03:27.228Z",
    "duration": 60831,
    "testsRegistered": 10,
    "passPercent": 90,
    "pendingPercent": 0,
    "other": 0,
    "hasOther": false,
    "skipped": 0,
    "hasSkipped": false
  },
  "results": [
    {
      "uuid": "c47416c2-cb97-46d7-9af5-85b5fcf019cc",
      "title": "",
      "fullFile": "cypress/integration/End2EndTest.spec.js",
      "file": "cypress/integration/End2EndTest.spec.js",
      "beforeHooks": [],
      "afterHooks": [],
      "tests": [],
      "suites": [
        {
          "uuid": "15d42618-a242-414c-a08c-83c6cb0daba4",
          "title": "Test Case - 1",
          "fullFile": "",
          "file": "",
          "beforeHooks": [],
          "afterHooks": [],
          "tests": [
            {
              "title": "Testing Menu",
              "fullTitle": "Test Case - 1 Testing Menu",
              "timedOut": null,
              "duration": 6414,
              "state": "passed",
              "speed": "medium",
              "pass": true,
              "fail": false,
              "pending": false,
              "context": null,
              "code": "_oberflaescheTest.onFrontend.titleOfThePage();\n_oberflaescheTest.onFrontend.userInfo();\n_oberflaescheTest.onFrontend.menuBar();",
              "err": {},
              "uuid": "22248b5d-b3bf-4fb4-bc23-2b81e9f4bb84",
              "parentUUID": "15d42618-a242-414c-a08c-83c6cb0daba4",
              "isHook": false,
              "skipped": false
            }
          ],
          "suites": [],
          "passes": [
            "22248b5d-b3bf-4fb4-bc23-2b81e9f4bb84"
          ],
          "failures": [],
          "pending": [],
          "skipped": [],
          "duration": 6414,
          "root": false,
          "rootEmpty": false,
          "_timeout": 2000
        },
        {
          "uuid": "e5cf3d49-2f77-45f1-9333-d28b9455c5cf",
          "title": "Test Case - 2",
          "fullFile": "",
          "file": "",
          "beforeHooks": [],
          "afterHooks": [],
          "tests": [
            {
              "title": "Test Case: Intents hinzufuegen",
              "fullTitle": "Test Case - 2 Test Case: Intents hinzufuegen",
              "timedOut": null,
              "duration": 19478,
              "state": "passed",
              "speed": "slow",
              "pass": true,
              "fail": false,
              "pending": false,
              "context": null,
              "code": "_oberflaescheTest.onFrontend.intents(); //onFrontend.Entities()",
              "err": {},
              "uuid": "3cdbda23-1a07-4a58-954e-833e975dbfac",
              "parentUUID": "e5cf3d49-2f77-45f1-9333-d28b9455c5cf",
              "isHook": false,
              "skipped": false
            },
            {
              "title": "Test Case: Intent bearbeiten",
              "fullTitle": "Test Case - 2 Test Case: Intent bearbeiten",
              "timedOut": null,
              "duration": 5394,
              "state": "passed",
              "speed": "medium",
              "pass": true,
              "fail": false,
              "pending": false,
              "context": null,
              "code": "_oberflaescheTest.onFrontend.intent_bearbeiten();",
              "err": {},
              "uuid": "2bd26417-f088-462f-8ebe-c5162a9aa41b",
              "parentUUID": "e5cf3d49-2f77-45f1-9333-d28b9455c5cf",
              "isHook": false,
              "skipped": false
            },
            {
              "title": "Test Case: Intent suchen",
              "fullTitle": "Test Case - 2 Test Case: Intent suchen",
              "timedOut": null,
              "duration": 4264,
              "state": "passed",
              "speed": "fast",
              "pass": true,
              "fail": false,
              "pending": false,
              "context": null,
              "code": "_oberflaescheTest.onFrontend.intent_suchen();",
              "err": {},
              "uuid": "10ef8173-ca9c-4d5d-9f45-e1633f63144b",
              "parentUUID": "e5cf3d49-2f77-45f1-9333-d28b9455c5cf",
              "isHook": false,
              "skipped": false
            },
            {
              "title": "Test Case: Intent Example hinzufuegen",
              "fullTitle": "Test Case - 2 Test Case: Intent Example hinzufuegen",
              "timedOut": null,
              "duration": 10217,
              "state": "passed",
              "speed": "slow",
              "pass": true,
              "fail": false,
              "pending": false,
              "context": null,
              "code": "_oberflaescheTest.onFrontend.intentExampleHinzufuegen();",
              "err": {},
              "uuid": "ed7fdb84-da63-454a-b57b-ea77cddb686a",
              "parentUUID": "e5cf3d49-2f77-45f1-9333-d28b9455c5cf",
              "isHook": false,
              "skipped": false
            },
            {
              "title": "Test Case: Intent Example Suchen",
              "fullTitle": "Test Case - 2 Test Case: Intent Example Suchen",
              "timedOut": null,
              "duration": 5678,
              "state": "passed",
              "speed": "medium",
              "pass": true,
              "fail": false,
              "pending": false,
              "context": null,
              "code": "_oberflaescheTest.onFrontend.intentExampleSuchen();",
              "err": {},
              "uuid": "1e217311-9487-496c-ae65-a4364b85d304",
              "parentUUID": "e5cf3d49-2f77-45f1-9333-d28b9455c5cf",
              "isHook": false,
              "skipped": false
            },
            {
              "title": "Test Case: Intent Example Loeschen",
              "fullTitle": "Test Case - 2 Test Case: Intent Example Loeschen",
              "timedOut": null,
              "duration": 6104,
              "state": "failed",
              "speed": null,
              "pass": false,
              "fail": true,
              "pending": false,
              "context": null,
              "code": "_oberflaescheTest.onFrontend.intentExampleLoeschen();",
              "err": {
                "message": "AssertionError: Timed out retrying after 4000ms: Expected to find element: `td:nth-child(4)`, but never found it. Queried from element: <tr.v-data-table__empty-wrapper>",
                "estack": "AssertionError: Timed out retrying after 4000ms: Expected to find element: `td:nth-child(4)`, but never found it. Queried from element: <tr.v-data-table__empty-wrapper>\n    at frontEnd.intentExampleLoeschen (http://localhost/__cypress/tests?p=cypress/integration/End2EndTest.spec.js:7767:52)\n    at Context.eval (http://localhost/__cypress/tests?p=cypress/integration/End2EndTest.spec.js:7328:34)",
                "diff": null
              },
              "uuid": "d7f1d42b-b3eb-4c7f-befa-968c0c9e2bed",
              "parentUUID": "e5cf3d49-2f77-45f1-9333-d28b9455c5cf",
              "isHook": false,
              "skipped": false
            }
          ],
          "suites": [],
          "passes": [
            "3cdbda23-1a07-4a58-954e-833e975dbfac",
            "2bd26417-f088-462f-8ebe-c5162a9aa41b",
            "10ef8173-ca9c-4d5d-9f45-e1633f63144b",
            "ed7fdb84-da63-454a-b57b-ea77cddb686a",
            "1e217311-9487-496c-ae65-a4364b85d304"
          ],
          "failures": [
            "d7f1d42b-b3eb-4c7f-befa-968c0c9e2bed"
          ],
          "pending": [],
          "skipped": [],
          "duration": 51135,
          "root": false,
          "rootEmpty": false,
          "_timeout": 2000
        },
        {
          "uuid": "13e38735-88d6-4ac3-bdee-5e7dd4b36f71",
          "title": "Test Case - 3, Mocking Network Response ",
          "fullFile": "",
          "file": "",
          "beforeHooks": [],
          "afterHooks": [],
          "tests": [
            {
              "title": "Mocking Network Response",
              "fullTitle": "Test Case - 3, Mocking Network Response  Mocking Network Response",
              "timedOut": null,
              "duration": 1045,
              "state": "passed",
              "speed": "fast",
              "pass": true,
              "fail": false,
              "pending": false,
              "context": null,
              "code": "_oberflaescheTest.onFrontend.mockingApi();",
              "err": {},
              "uuid": "4a690c2f-db65-46b2-83ca-8d7366926ca9",
              "parentUUID": "13e38735-88d6-4ac3-bdee-5e7dd4b36f71",
              "isHook": false,
              "skipped": false
            }
          ],
          "suites": [],
          "passes": [
            "4a690c2f-db65-46b2-83ca-8d7366926ca9"
          ],
          "failures": [],
          "pending": [],
          "skipped": [],
          "duration": 1045,
          "root": false,
          "rootEmpty": false,
          "_timeout": 2000
        },
        {
          "uuid": "1d69ff3b-5e4c-4a71-9ba9-8746b1e5b84e",
          "title": "Test Case - 4, Testing API Endpoints",
          "fullFile": "",
          "file": "",
          "beforeHooks": [],
          "afterHooks": [],
          "tests": [
            {
              "title": "Test Get Request",
              "fullTitle": "Test Case - 4, Testing API Endpoints Test Get Request",
              "timedOut": null,
              "duration": 1582,
              "state": "passed",
              "speed": "fast",
              "pass": true,
              "fail": false,
              "pending": false,
              "context": null,
              "code": "_oberflaescheTest.onFrontend.restApiTesting();",
              "err": {},
              "uuid": "dba85609-317e-4e2f-a1fb-09486b14a335",
              "parentUUID": "1d69ff3b-5e4c-4a71-9ba9-8746b1e5b84e",
              "isHook": false,
              "skipped": false
            }
          ],
          "suites": [],
          "passes": [
            "dba85609-317e-4e2f-a1fb-09486b14a335"
          ],
          "failures": [],
          "pending": [],
          "skipped": [],
          "duration": 1582,
          "root": false,
          "rootEmpty": false,
          "_timeout": 2000
        },
        {
          "uuid": "8f2b221c-28a0-4313-8b1c-64e4043f7b5d",
          "title": "Test Case - 5, Backend Testing",
          "fullFile": "",
          "file": "",
          "beforeHooks": [],
          "afterHooks": [],
          "tests": [
            {
              "title": "Get Request",
              "fullTitle": "Test Case - 5, Backend Testing Get Request",
              "timedOut": null,
              "duration": 655,
              "state": "passed",
              "speed": "fast",
              "pass": true,
              "fail": false,
              "pending": false,
              "context": null,
              "code": "_oberflaescheTest.onFrontend.backEndTesting();",
              "err": {},
              "uuid": "a4f4b462-7d67-4c77-a107-f0edb1cd2cb7",
              "parentUUID": "8f2b221c-28a0-4313-8b1c-64e4043f7b5d",
              "isHook": false,
              "skipped": false
            }
          ],
          "suites": [],
          "passes": [
            "a4f4b462-7d67-4c77-a107-f0edb1cd2cb7"
          ],
          "failures": [],
          "pending": [],
          "skipped": [],
          "duration": 655,
          "root": false,
          "rootEmpty": false,
          "_timeout": 2000
        }
      ],
      "passes": [],
      "failures": [],
      "pending": [],
      "skipped": [],
      "duration": 0,
      "root": true,
      "rootEmpty": true,
      "_timeout": 2000
    }
  ],
  "meta": {
    "mocha": {
      "version": "7.0.1"
    },
    "mochawesome": {
      "options": {
        "quiet": true,
        "reportFilename": "Cypress e2e Test Report",
        "saveHtml": true,
        "saveJson": true,
        "consoleReporter": "spec",
        "useInlineDiffs": false,
        "code": true
      },
      "version": "7.0.1"
    },
    "marge": {
      "options": {
        "id": "default",
        "reportDir": "cypress/results/mochawesome",
        "charts": true,
        "reportPageTitle": "e2e Test Report",
        "reportFilename": "Cypress e2e Test Report",
        "embeddedScreenshots": true,
        "quiet": true,
        "overwrite": false,
        "html": true,
        "json": true
      },
      "version": "6.0.1"
    }
  }
}