<?xml version="1.0" encoding="UTF-8"?>
<testsuites name="Mocha Tests" time="50.1580" tests="5" failures="0">
  <testsuite name="Root Suite" timestamp="2021-12-06T14:21:21" tests="0" file="cypress/integration/End2EndTest.spec.js" time="0.0000" failures="0">
  </testsuite>
  <testsuite name="Test Case - 1" timestamp="2021-12-06T14:21:21" tests="1" time="9.3840" failures="0">
    <testcase name="Test Case - 1 Testing Menu" time="9.4090" classname="Testing Menu">
    </testcase>
  </testsuite>
  <testsuite name="Test Case - 2" timestamp="2021-12-06T14:21:30" tests="1" time="38.2660" failures="0">
    <testcase name="Test Case - 2 Testing Body" time="38.1780" classname="Testing Body">
    </testcase>
  </testsuite>
  <testsuite name="Test Case - 3, Mocking Network Response " timestamp="2021-12-06T14:22:09" tests="1" time="0.8690" failures="0">
    <testcase name="Test Case - 3, Mocking Network Response  Mocking Network Response" time="0.8370" classname="Mocking Network Response">
    </testcase>
  </testsuite>
  <testsuite name="Testing API Endpoints" timestamp="2021-12-06T14:22:10" tests="1" time="0.8140" failures="0">
    <testcase name="Testing API Endpoints Test Get Request" time="0.8110" classname="Test Get Request">
    </testcase>
  </testsuite>
  <testsuite name="Backend Testing" timestamp="2021-12-06T14:22:10" tests="1" time="0.7260" failures="0">
    <testcase name="Backend Testing Get Request" time="0.7320" classname="Get Request">
    </testcase>
  </testsuite>
</testsuites>