<?xml version="1.0" encoding="UTF-8"?>
<testsuites name="Mocha Tests" time="65.3120" tests="6" failures="0">
  <testsuite name="Root Suite" timestamp="2021-07-25T16:05:16" tests="0" file="cypress/integration/ChatBot/testWithPageObject.spec.js" time="0.0000" failures="0">
  </testsuite>
  <testsuite name="dChatbot Test Suit" timestamp="2021-07-25T16:05:16" tests="6" time="65.3120" failures="0">
    <testcase name="dChatbot Test Suit Chat area testing" time="10.8560" classname="Chat area testing">
    </testcase>
    <testcase name="dChatbot Test Suit Verification of the Browser API Calls" time="8.9400" classname="Verification of the Browser API Calls">
    </testcase>
    <testcase name="dChatbot Test Suit Test Feedback" time="16.5720" classname="Test Feedback">
    </testcase>
    <testcase name="dChatbot Test Suit Test of Viewport" time="21.0220" classname="Test of Viewport">
    </testcase>
    <testcase name="dChatbot Test Suit Test Features" time="4.8720" classname="Test Features">
    </testcase>
    <testcase name="dChatbot Test Suit iFrame Test" time="3.0500" classname="iFrame Test">
    </testcase>
  </testsuite>
</testsuites>