<?xml version="1.0" encoding="UTF-8"?>
<testsuites name="Mocha Tests" time="329.3150" tests="16" failures="0">
  <testsuite name="Root Suite" timestamp="2022-01-07T14:19:10" tests="0" file="cypress/integration/End2EndTest.spec.js" time="0.0000" failures="0">
  </testsuite>
  <testsuite name="Login" timestamp="2022-01-07T14:19:10" tests="1" time="8.3750" failures="0">
    <testcase name="Login Log in to the page" time="8.5770" classname="Log in to the page">
    </testcase>
  </testsuite>
  <testsuite name="Test Case - 1" timestamp="2022-01-07T14:19:19" tests="1" time="10.9880" failures="0">
    <testcase name="Test Case - 1 Testing Menu" time="10.7200" classname="Testing Menu">
    </testcase>
  </testsuite>
  <testsuite name="Test Case - 2" timestamp="2022-01-07T14:19:30" tests="6" time="55.8180" failures="0">
    <testcase name="Test Case - 2 Test Case: Intents hinzufuegen" time="23.5620" classname="Test Case: Intents hinzufuegen">
    </testcase>
    <testcase name="Test Case - 2 Test Case: Intent bearbeiten" time="6.1920" classname="Test Case: Intent bearbeiten">
    </testcase>
    <testcase name="Test Case - 2 Test Case: Intent suchen" time="4.4090" classname="Test Case: Intent suchen">
    </testcase>
    <testcase name="Test Case - 2 Test Case: Intent Example hinzufuegen" time="9.8990" classname="Test Case: Intent Example hinzufuegen">
    </testcase>
    <testcase name="Test Case - 2 Test Case: Intent Example Suchen" time="5.9450" classname="Test Case: Intent Example Suchen">
    </testcase>
    <testcase name="Test Case - 2 Test Case: Intent Example Loeschen" time="5.5360" classname="Test Case: Intent Example Loeschen">
    </testcase>
  </testsuite>
  <testsuite name="Test Case - 3, Mocking Network Response " timestamp="2022-01-07T14:20:25" tests="1" time="2.0180" failures="0">
    <testcase name="Test Case - 3, Mocking Network Response  Mocking Network Response" time="2.0090" classname="Mocking Network Response">
    </testcase>
  </testsuite>
  <testsuite name="Entity" timestamp="2022-01-07T14:20:27" tests="3" time="40.3110" failures="0">
    <testcase name="Entity Entity Hinzufuegen" time="22.6470" classname="Entity Hinzufuegen">
    </testcase>
    <testcase name="Entity Entity Suchen" time="4.3480" classname="Entity Suchen">
    </testcase>
    <testcase name="Entity Entity Bearbeiten" time="13.1040" classname="Entity Bearbeiten">
    </testcase>
  </testsuite>
  <testsuite name="Slot" timestamp="2022-01-07T14:21:08" tests="4" time="211.5350" failures="0">
    <testcase name="Slot Slot Hinzufuegen" time="90.0820" classname="Slot Hinzufuegen">
    </testcase>
    <testcase name="Slot Slot Bearbeiten" time="100.9110" classname="Slot Bearbeiten">
    </testcase>
    <testcase name="Slot Slot Suchen" time="8.4680" classname="Slot Suchen">
    </testcase>
    <testcase name="Slot Slot Loeschen" time="11.7490" classname="Slot Loeschen">
    </testcase>
  </testsuite>
</testsuites>